<?xml version="1.0" encoding="UTF-8"?>
<testng-results skipped="0" failed="0" ignored="0" total="1" passed="1">
  <reporter-output>
  </reporter-output>
  <suite name="Default suite" duration-ms="2101" started-at="2018-07-10T04:58:54Z" finished-at="2018-07-10T04:58:56Z">
    <groups>
    </groups>
    <test name="Default test" duration-ms="2101" started-at="2018-07-10T04:58:54Z" finished-at="2018-07-10T04:58:56Z">
      <class name="tests.Demo3">
        <test-method status="PASS" signature="setUp()[pri:0, instance:tests.Demo3@6a192cfe]" name="setUp" is-config="true" duration-ms="13" started-at="2018-07-10T04:58:54Z" finished-at="2018-07-10T04:58:54Z">
          <reporter-output>
          </reporter-output>
        </test-method> <!-- setUp -->
        <test-method status="PASS" signature="andAndDelete()[pri:0, instance:tests.Demo3@6a192cfe]" name="andAndDelete" duration-ms="2065" started-at="2018-07-10T04:58:54Z" finished-at="2018-07-10T04:58:56Z">
          <reporter-output>
          </reporter-output>
        </test-method> <!-- andAndDelete -->
      </class> <!-- tests.Demo3 -->
    </test> <!-- Default test -->
  </suite> <!-- Default suite -->
</testng-results>
